2026-02-15 14:32:03 INFO Saved 150 key-value pairs to disk.
2026-02-15 14:32:03 INFO Saved key-value to disk.
2026-02-15 14:32:06 INFO GET key='298' value='value_298'
2026-02-15 14:33:03 INFO Saved 150 key-value pairs to disk.
2026-02-15 14:33:03 INFO Saved key-value to disk.
2026-02-22 15:12:43 INFO Loaded 150 key-value pairs from disk.
2026-02-22 15:12:43 INFO Server started
2026-02-22 15:13:17 INFO PUT key='2' value='value_2'
2026-02-22 15:13:17 INFO PUT key='1' value='value_1'
2026-02-22 15:13:17 INFO PUT key='0' value='value_0'
2026-02-22 15:13:17 INFO PUT key='3' value='value_3'
2026-02-22 15:13:17 INFO PUT key='4' value='value_4'
2026-02-22 15:13:17 INFO PUT key='5' value='value_5'
2026-02-22 15:13:17 INFO PUT key='6' value='value_6'
2026-02-22 15:13:17 INFO PUT key='8' value='value_8'
2026-02-22 15:13:17 INFO PUT key='7' value='value_7'
2026-02-22 15:13:17 INFO PUT key='9' value='value_9'
2026-02-22 15:13:17 INFO PUT key='10' value='value_10'
2026-02-22 15:13:17 INFO PUT key='11' value='value_11'
2026-02-22 15:13:17 INFO PUT key='12' value='value_12'
2026-02-22 15:13:17 INFO PUT key='13' value='value_13'
2026-02-22 15:13:17 INFO PUT key='14' value='value_14'
2026-02-22 15:13:17 INFO PUT key='15' value='value_15'
2026-02-22 15:13:17 INFO PUT key='16' value='value_16'
2026-02-22 15:13:17 INFO PUT key='17' value='value_17'
2026-02-22 15:13:17 INFO PUT key='18' value='value_18'
2026-02-22 15:13:17 INFO PUT key='19' value='value_19'
2026-02-22 15:13:17 INFO PUT key='20' value='value_20'
2026-02-22 15:13:17 INFO PUT key='21' value='value_21'
2026-02-22 15:13:17 INFO PUT key='22' value='value_22'
2026-02-22 15:13:17 INFO PUT key='23' value='value_23'
2026-02-22 15:13:17 INFO PUT key='24' value='value_24'
2026-02-22 15:13:17 INFO PUT key='25' value='value_25'
2026-02-22 15:13:17 INFO PUT key='26' value='value_26'
2026-02-22 15:13:17 INFO PUT key='27' value='value_27'
2026-02-22 15:13:17 INFO PUT key='29' value='value_29'
2026-02-22 15:13:17 INFO PUT key='28' value='value_28'
2026-02-22 15:13:17 INFO PUT key='30' value='value_30'
2026-02-22 15:13:17 INFO PUT key='31' value='value_31'
2026-02-22 15:13:17 INFO PUT key='32' value='value_32'
2026-02-22 15:13:17 INFO PUT key='33' value='value_33'
2026-02-22 15:13:17 INFO PUT key='34' value='value_34'
2026-02-22 15:13:17 INFO PUT key='35' value='value_35'
2026-02-22 15:13:17 INFO PUT key='36' value='value_36'
2026-02-22 15:13:17 INFO PUT key='37' value='value_37'
2026-02-22 15:13:17 INFO PUT key='38' value='value_38'
2026-02-22 15:13:17 INFO PUT key='39' value='value_39'
2026-02-22 15:13:17 INFO PUT key='40' value='value_40'
2026-02-22 15:13:17 INFO PUT key='41' value='value_41'
2026-02-22 15:13:17 INFO PUT key='42' value='value_42'
2026-02-22 15:13:17 INFO PUT key='43' value='value_43'
2026-02-22 15:13:17 INFO PUT key='44' value='value_44'
2026-02-22 15:13:17 INFO PUT key='45' value='value_45'
2026-02-22 15:13:17 INFO PUT key='46' value='value_46'
2026-02-22 15:13:17 INFO PUT key='47' value='value_47'
2026-02-22 15:13:17 INFO PUT key='48' value='value_48'
2026-02-22 15:13:17 INFO PUT key='49' value='value_49'
2026-02-22 15:13:17 INFO PUT key='50' value='value_50'
2026-02-22 15:13:17 INFO PUT key='51' value='value_51'
2026-02-22 15:13:17 INFO PUT key='52' value='value_52'
2026-02-22 15:13:17 INFO PUT key='53' value='value_53'
2026-02-22 15:13:17 INFO PUT key='54' value='value_54'
2026-02-22 15:13:17 INFO PUT key='55' value='value_55'
2026-02-22 15:13:17 INFO PUT key='56' value='value_56'
2026-02-22 15:13:17 INFO PUT key='57' value='value_57'
2026-02-22 15:13:17 INFO PUT key='58' value='value_58'
2026-02-22 15:13:17 INFO PUT key='59' value='value_59'
2026-02-22 15:13:17 INFO PUT key='60' value='value_60'
2026-02-22 15:13:17 INFO PUT key='61' value='value_61'
2026-02-22 15:13:17 INFO PUT key='62' value='value_62'
2026-02-22 15:13:17 INFO PUT key='63' value='value_63'
2026-02-22 15:13:17 INFO PUT key='64' value='value_64'
2026-02-22 15:13:17 INFO PUT key='66' value='value_66'
2026-02-22 15:13:17 INFO PUT key='65' value='value_65'
2026-02-22 15:13:17 INFO PUT key='67' value='value_67'
2026-02-22 15:13:17 INFO PUT key='68' value='value_68'
2026-02-22 15:13:17 INFO PUT key='69' value='value_69'
2026-02-22 15:13:17 INFO PUT key='70' value='value_70'
2026-02-22 15:13:17 INFO PUT key='71' value='value_71'
2026-02-22 15:13:17 INFO PUT key='72' value='value_72'
2026-02-22 15:13:17 INFO PUT key='73' value='value_73'
2026-02-22 15:13:17 INFO PUT key='74' value='value_74'
2026-02-22 15:13:17 INFO PUT key='75' value='value_75'
2026-02-22 15:13:17 INFO PUT key='76' value='value_76'
2026-02-22 15:13:17 INFO PUT key='77' value='value_77'
2026-02-22 15:13:17 INFO PUT key='78' value='value_78'
2026-02-22 15:13:17 INFO PUT key='79' value='value_79'
2026-02-22 15:13:17 INFO PUT key='80' value='value_80'
2026-02-22 15:13:17 INFO PUT key='81' value='value_81'
2026-02-22 15:13:17 INFO PUT key='82' value='value_82'
2026-02-22 15:13:17 INFO PUT key='83' value='value_83'
2026-02-22 15:13:17 INFO PUT key='84' value='value_84'
2026-02-22 15:13:17 INFO PUT key='85' value='value_85'
2026-02-22 15:13:17 INFO PUT key='86' value='value_86'
2026-02-22 15:13:17 INFO PUT key='87' value='value_87'
2026-02-22 15:13:17 INFO PUT key='88' value='value_88'
2026-02-22 15:13:17 INFO PUT key='89' value='value_89'
2026-02-22 15:13:17 INFO PUT key='90' value='value_90'
2026-02-22 15:13:17 INFO PUT key='91' value='value_91'
2026-02-22 15:13:17 INFO PUT key='92' value='value_92'
2026-02-22 15:13:17 INFO PUT key='93' value='value_93'
2026-02-22 15:13:17 INFO PUT key='94' value='value_94'
2026-02-22 15:13:17 INFO PUT key='95' value='value_95'
2026-02-22 15:13:17 INFO PUT key='96' value='value_96'
2026-02-22 15:13:17 INFO PUT key='97' value='value_97'
2026-02-22 15:13:17 INFO PUT key='98' value='value_98'
2026-02-22 15:13:17 INFO PUT key='99' value='value_99'
2026-02-22 15:13:17 INFO PUT key='100' value='value_100'
2026-02-22 15:13:17 INFO PUT key='101' value='value_101'
2026-02-22 15:13:17 INFO PUT key='102' value='value_102'
2026-02-22 15:13:17 INFO PUT key='103' value='value_103'
2026-02-22 15:13:17 INFO PUT key='104' value='value_104'
2026-02-22 15:13:17 INFO PUT key='105' value='value_105'
2026-02-22 15:13:17 INFO PUT key='106' value='value_106'
2026-02-22 15:13:17 INFO PUT key='107' value='value_107'
2026-02-22 15:13:17 INFO PUT key='108' value='value_108'
2026-02-22 15:13:17 INFO PUT key='109' value='value_109'
2026-02-22 15:13:17 INFO PUT key='110' value='value_110'
2026-02-22 15:13:17 INFO PUT key='111' value='value_111'
2026-02-22 15:13:17 INFO PUT key='112' value='value_112'
2026-02-22 15:13:17 INFO PUT key='113' value='value_113'
2026-02-22 15:13:17 INFO PUT key='114' value='value_114'
2026-02-22 15:13:17 INFO PUT key='115' value='value_115'
2026-02-22 15:13:17 INFO PUT key='116' value='value_116'
2026-02-22 15:13:17 INFO PUT key='118' value='value_118'
2026-02-22 15:13:17 INFO PUT key='117' value='value_117'
2026-02-22 15:13:17 INFO PUT key='119' value='value_119'
2026-02-22 15:13:17 INFO PUT key='120' value='value_120'
2026-02-22 15:13:17 INFO PUT key='121' value='value_121'
2026-02-22 15:13:17 INFO PUT key='122' value='value_122'
2026-02-22 15:13:17 INFO PUT key='123' value='value_123'
2026-02-22 15:13:17 INFO PUT key='124' value='value_124'
2026-02-22 15:13:17 INFO PUT key='125' value='value_125'
2026-02-22 15:13:17 INFO PUT key='126' value='value_126'
2026-02-22 15:13:17 INFO PUT key='127' value='value_127'
2026-02-22 15:13:17 INFO PUT key='128' value='value_128'
2026-02-22 15:13:17 INFO PUT key='129' value='value_129'
2026-02-22 15:13:17 INFO PUT key='130' value='value_130'
2026-02-22 15:13:17 INFO PUT key='131' value='value_131'
2026-02-22 15:13:17 INFO PUT key='132' value='value_132'
2026-02-22 15:13:17 INFO PUT key='133' value='value_133'
2026-02-22 15:13:17 INFO PUT key='134' value='value_134'
2026-02-22 15:13:17 INFO PUT key='135' value='value_135'
2026-02-22 15:13:17 INFO PUT key='136' value='value_136'
2026-02-22 15:13:17 INFO PUT key='137' value='value_137'
2026-02-22 15:13:17 INFO PUT key='138' value='value_138'
2026-02-22 15:13:17 INFO PUT key='139' value='value_139'
2026-02-22 15:13:17 INFO PUT key='140' value='value_140'
2026-02-22 15:13:17 INFO PUT key='141' value='value_141'
2026-02-22 15:13:17 INFO PUT key='142' value='value_142'
2026-02-22 15:13:17 INFO PUT key='143' value='value_143'
2026-02-22 15:13:17 INFO PUT key='144' value='value_144'
2026-02-22 15:13:17 INFO PUT key='145' value='value_145'
2026-02-22 15:13:17 INFO PUT key='146' value='value_146'
2026-02-22 15:13:17 INFO PUT key='147' value='value_147'
2026-02-22 15:13:17 INFO PUT key='148' value='value_148'
2026-02-22 15:13:17 INFO PUT key='149' value='value_149'
2026-02-22 15:13:17 INFO PUT key='150' value='value_150'
2026-02-22 15:13:17 INFO PUT key='151' value='value_151'
2026-02-22 15:13:17 INFO PUT key='152' value='value_152'
2026-02-22 15:13:17 INFO PUT key='153' value='value_153'
2026-02-22 15:13:17 INFO PUT key='155' value='value_155'
2026-02-22 15:13:17 INFO PUT key='154' value='value_154'
2026-02-22 15:13:17 INFO PUT key='156' value='value_156'
2026-02-22 15:13:17 INFO PUT key='157' value='value_157'
2026-02-22 15:13:17 INFO PUT key='158' value='value_158'
2026-02-22 15:13:17 INFO PUT key='159' value='value_159'
2026-02-22 15:13:17 INFO PUT key='160' value='value_160'
2026-02-22 15:13:17 INFO PUT key='161' value='value_161'
2026-02-22 15:13:17 INFO PUT key='162' value='value_162'
2026-02-22 15:13:17 INFO PUT key='163' value='value_163'
2026-02-22 15:13:17 INFO PUT key='164' value='value_164'
2026-02-22 15:13:17 INFO PUT key='165' value='value_165'
2026-02-22 15:13:17 INFO PUT key='166' value='value_166'
2026-02-22 15:13:17 INFO PUT key='167' value='value_167'
2026-02-22 15:13:17 INFO PUT key='168' value='value_168'
2026-02-22 15:13:17 INFO PUT key='169' value='value_169'
2026-02-22 15:13:17 INFO PUT key='170' value='value_170'
2026-02-22 15:13:17 INFO PUT key='171' value='value_171'
2026-02-22 15:13:17 INFO PUT key='172' value='value_172'
2026-02-22 15:13:17 INFO PUT key='173' value='value_173'
2026-02-22 15:13:17 INFO PUT key='175' value='value_175'
2026-02-22 15:13:17 INFO PUT key='174' value='value_174'
2026-02-22 15:13:17 INFO PUT key='176' value='value_176'
2026-02-22 15:13:17 INFO PUT key='177' value='value_177'
2026-02-22 15:13:17 INFO PUT key='178' value='value_178'
2026-02-22 15:13:17 INFO PUT key='179' value='value_179'
2026-02-22 15:13:17 INFO PUT key='180' value='value_180'
2026-02-22 15:13:17 INFO PUT key='182' value='value_182'
2026-02-22 15:13:17 INFO PUT key='181' value='value_181'
2026-02-22 15:13:17 INFO PUT key='183' value='value_183'
2026-02-22 15:13:17 INFO PUT key='184' value='value_184'
2026-02-22 15:13:17 INFO PUT key='185' value='value_185'
2026-02-22 15:13:17 INFO PUT key='186' value='value_186'
2026-02-22 15:13:17 INFO PUT key='187' value='value_187'
2026-02-22 15:13:17 INFO PUT key='188' value='value_188'
2026-02-22 15:13:17 INFO PUT key='189' value='value_189'
2026-02-22 15:13:17 INFO PUT key='190' value='value_190'
2026-02-22 15:13:17 INFO PUT key='191' value='value_191'
2026-02-22 15:13:17 INFO PUT key='192' value='value_192'
2026-02-22 15:13:17 INFO PUT key='193' value='value_193'
2026-02-22 15:13:17 INFO PUT key='194' value='value_194'
2026-02-22 15:13:17 INFO PUT key='195' value='value_195'
2026-02-22 15:13:17 INFO PUT key='196' value='value_196'
2026-02-22 15:13:17 INFO PUT key='197' value='value_197'
2026-02-22 15:13:17 INFO PUT key='198' value='value_198'
2026-02-22 15:13:17 INFO PUT key='199' value='value_199'
2026-02-22 15:13:17 INFO PUT key='200' value='value_200'
2026-02-22 15:13:17 INFO PUT key='201' value='value_201'
2026-02-22 15:13:17 INFO PUT key='202' value='value_202'
2026-02-22 15:13:17 INFO PUT key='203' value='value_203'
2026-02-22 15:13:17 INFO PUT key='204' value='value_204'
2026-02-22 15:13:17 INFO PUT key='205' value='value_205'
2026-02-22 15:13:17 INFO PUT key='206' value='value_206'
2026-02-22 15:13:17 INFO PUT key='207' value='value_207'
2026-02-22 15:13:17 INFO PUT key='208' value='value_208'
2026-02-22 15:13:17 INFO PUT key='209' value='value_209'
2026-02-22 15:13:17 INFO PUT key='210' value='value_210'
2026-02-22 15:13:17 INFO PUT key='211' value='value_211'
2026-02-22 15:13:17 INFO PUT key='212' value='value_212'
2026-02-22 15:13:17 INFO PUT key='213' value='value_213'
2026-02-22 15:13:17 INFO PUT key='214' value='value_214'
2026-02-22 15:13:17 INFO PUT key='215' value='value_215'
2026-02-22 15:13:17 INFO PUT key='216' value='value_216'
2026-02-22 15:13:17 INFO PUT key='217' value='value_217'
2026-02-22 15:13:17 INFO PUT key='218' value='value_218'
2026-02-22 15:13:17 INFO PUT key='219' value='value_219'
2026-02-22 15:13:17 INFO PUT key='220' value='value_220'
2026-02-22 15:13:17 INFO PUT key='221' value='value_221'
2026-02-22 15:13:17 INFO PUT key='222' value='value_222'
2026-02-22 15:13:17 INFO PUT key='223' value='value_223'
2026-02-22 15:13:17 INFO PUT key='224' value='value_224'
2026-02-22 15:13:17 INFO PUT key='225' value='value_225'
2026-02-22 15:13:17 INFO PUT key='226' value='value_226'
2026-02-22 15:13:17 INFO PUT key='227' value='value_227'
2026-02-22 15:13:17 INFO PUT key='229' value='value_229'
2026-02-22 15:13:17 INFO PUT key='228' value='value_228'
2026-02-22 15:13:17 INFO PUT key='230' value='value_230'
2026-02-22 15:13:17 INFO PUT key='231' value='value_231'
2026-02-22 15:13:17 INFO PUT key='232' value='value_232'
2026-02-22 15:13:17 INFO PUT key='233' value='value_233'
2026-02-22 15:13:17 INFO PUT key='234' value='value_234'
2026-02-22 15:13:17 INFO PUT key='235' value='value_235'
2026-02-22 15:13:17 INFO PUT key='236' value='value_236'
2026-02-22 15:13:17 INFO PUT key='237' value='value_237'
2026-02-22 15:13:17 INFO PUT key='238' value='value_238'
2026-02-22 15:13:17 INFO PUT key='239' value='value_239'
2026-02-22 15:13:17 INFO PUT key='240' value='value_240'
2026-02-22 15:13:17 INFO PUT key='241' value='value_241'
2026-02-22 15:13:17 INFO PUT key='242' value='value_242'
2026-02-22 15:13:17 INFO PUT key='243' value='value_243'
2026-02-22 15:13:17 INFO PUT key='244' value='value_244'
2026-02-22 15:13:17 INFO PUT key='245' value='value_245'
2026-02-22 15:13:17 INFO PUT key='246' value='value_246'
2026-02-22 15:13:17 INFO PUT key='247' value='value_247'
2026-02-22 15:13:17 INFO PUT key='248' value='value_248'
2026-02-22 15:13:17 INFO PUT key='249' value='value_249'
2026-02-22 15:13:17 INFO PUT key='250' value='value_250'
2026-02-22 15:13:17 INFO PUT key='251' value='value_251'
2026-02-22 15:13:17 INFO PUT key='252' value='value_252'
2026-02-22 15:13:17 INFO PUT key='253' value='value_253'
2026-02-22 15:13:17 INFO PUT key='255' value='value_255'
2026-02-22 15:13:17 INFO PUT key='254' value='value_254'
2026-02-22 15:13:17 INFO PUT key='256' value='value_256'
2026-02-22 15:13:17 INFO PUT key='258' value='value_258'
2026-02-22 15:13:17 INFO PUT key='257' value='value_257'
2026-02-22 15:13:17 INFO PUT key='259' value='value_259'
2026-02-22 15:13:17 INFO PUT key='261' value='value_261'
2026-02-22 15:13:17 INFO PUT key='260' value='value_260'
2026-02-22 15:13:17 INFO PUT key='262' value='value_262'
2026-02-22 15:13:17 INFO PUT key='263' value='value_263'
2026-02-22 15:13:17 INFO PUT key='264' value='value_264'
2026-02-22 15:13:17 INFO PUT key='265' value='value_265'
2026-02-22 15:13:17 INFO PUT key='266' value='value_266'
2026-02-22 15:13:17 INFO PUT key='267' value='value_267'
2026-02-22 15:13:17 INFO PUT key='268' value='value_268'
2026-02-22 15:13:17 INFO PUT key='269' value='value_269'
2026-02-22 15:13:17 INFO PUT key='270' value='value_270'
2026-02-22 15:13:17 INFO PUT key='271' value='value_271'
2026-02-22 15:13:17 INFO PUT key='272' value='value_272'
2026-02-22 15:13:17 INFO PUT key='273' value='value_273'
2026-02-22 15:13:17 INFO PUT key='274' value='value_274'
2026-02-22 15:13:17 INFO PUT key='275' value='value_275'
2026-02-22 15:13:17 INFO PUT key='276' value='value_276'
2026-02-22 15:13:17 INFO PUT key='277' value='value_277'
2026-02-22 15:13:17 INFO PUT key='278' value='value_278'
2026-02-22 15:13:17 INFO PUT key='279' value='value_279'
2026-02-22 15:13:17 INFO PUT key='280' value='value_280'
2026-02-22 15:13:17 INFO PUT key='281' value='value_281'
2026-02-22 15:13:17 INFO PUT key='282' value='value_282'
2026-02-22 15:13:17 INFO PUT key='283' value='value_283'
2026-02-22 15:13:17 INFO PUT key='284' value='value_284'
2026-02-22 15:13:17 INFO PUT key='285' value='value_285'
2026-02-22 15:13:17 INFO PUT key='286' value='value_286'
2026-02-22 15:13:17 INFO PUT key='287' value='value_287'
2026-02-22 15:13:17 INFO PUT key='288' value='value_288'
2026-02-22 15:13:17 INFO PUT key='289' value='value_289'
2026-02-22 15:13:17 INFO PUT key='290' value='value_290'
2026-02-22 15:13:17 INFO PUT key='292' value='value_292'
2026-02-22 15:13:17 INFO PUT key='291' value='value_291'
2026-02-22 15:13:17 INFO PUT key='293' value='value_293'
2026-02-22 15:13:17 INFO PUT key='294' value='value_294'
2026-02-22 15:13:17 INFO PUT key='295' value='value_295'
2026-02-22 15:13:17 INFO PUT key='296' value='value_296'
2026-02-22 15:13:17 INFO PUT key='297' value='value_297'
2026-02-22 15:13:17 INFO PUT key='298' value='value_298'
2026-02-22 15:13:17 INFO PUT key='299' value='value_299'
2026-02-22 15:13:17 INFO GET key='1' value='value_1'
2026-02-22 15:13:17 INFO GET key='2' value='value_2'
2026-02-22 15:13:17 INFO GET key='0' value='value_0'
2026-02-22 15:13:17 INFO GET key='3' value='value_3'
2026-02-22 15:13:17 INFO GET key='4' value='value_4'
2026-02-22 15:13:17 INFO GET key='5' value='value_5'
2026-02-22 15:13:17 INFO GET key='6' value='value_6'
2026-02-22 15:13:17 INFO GET key='7' value='value_7'
2026-02-22 15:13:17 INFO GET key='8' value='value_8'
2026-02-22 15:13:17 INFO GET key='9' value='value_9'
2026-02-22 15:13:17 INFO GET key='10' value='value_10'
2026-02-22 15:13:17 INFO GET key='11' value='value_11'
2026-02-22 15:13:17 INFO GET key='12' value='value_12'
2026-02-22 15:13:17 INFO GET key='13' value='value_13'
2026-02-22 15:13:17 INFO GET key='14' value='value_14'
2026-02-22 15:13:17 INFO GET key='15' value='value_15'
2026-02-22 15:13:17 INFO GET key='16' value='value_16'
2026-02-22 15:13:17 INFO GET key='17' value='value_17'
2026-02-22 15:13:17 INFO GET key='18' value='value_18'
2026-02-22 15:13:17 INFO GET key='19' value='value_19'
2026-02-22 15:13:17 INFO GET key='20' value='value_20'
2026-02-22 15:13:17 INFO GET key='21' value='value_21'
2026-02-22 15:13:17 INFO GET key='22' value='value_22'
2026-02-22 15:13:17 INFO GET key='23' value='value_23'
2026-02-22 15:13:17 INFO GET key='24' value='value_24'
2026-02-22 15:13:17 INFO GET key='25' value='value_25'
2026-02-22 15:13:17 INFO GET key='26' value='value_26'
2026-02-22 15:13:17 INFO GET key='27' value='value_27'
2026-02-22 15:13:17 INFO GET key='28' value='value_28'
2026-02-22 15:13:17 INFO GET key='29' value='value_29'
2026-02-22 15:13:17 INFO GET key='30' value='value_30'
2026-02-22 15:13:17 INFO GET key='31' value='value_31'
2026-02-22 15:13:17 INFO GET key='32' value='value_32'
2026-02-22 15:13:17 INFO GET key='33' value='value_33'
2026-02-22 15:13:17 INFO GET key='34' value='value_34'
2026-02-22 15:13:17 INFO GET key='35' value='value_35'
2026-02-22 15:13:17 INFO GET key='36' value='value_36'
2026-02-22 15:13:17 INFO GET key='37' value='value_37'
2026-02-22 15:13:17 INFO GET key='38' value='value_38'
2026-02-22 15:13:17 INFO GET key='39' value='value_39'
2026-02-22 15:13:17 INFO GET key='40' value='value_40'
2026-02-22 15:13:17 INFO GET key='41' value='value_41'
2026-02-22 15:13:17 INFO GET key='42' value='value_42'
2026-02-22 15:13:17 INFO GET key='43' value='value_43'
2026-02-22 15:13:17 INFO GET key='44' value='value_44'
2026-02-22 15:13:17 INFO GET key='45' value='value_45'
2026-02-22 15:13:17 INFO GET key='46' value='value_46'
2026-02-22 15:13:17 INFO GET key='47' value='value_47'
2026-02-22 15:13:17 INFO GET key='48' value='value_48'
2026-02-22 15:13:17 INFO GET key='49' value='value_49'
2026-02-22 15:13:17 INFO GET key='50' value='value_50'
2026-02-22 15:13:17 INFO GET key='51' value='value_51'
2026-02-22 15:13:17 INFO GET key='52' value='value_52'
2026-02-22 15:13:17 INFO GET key='53' value='value_53'
2026-02-22 15:13:17 INFO GET key='54' value='value_54'
2026-02-22 15:13:17 INFO GET key='55' value='value_55'
2026-02-22 15:13:17 INFO GET key='56' value='value_56'
2026-02-22 15:13:17 INFO GET key='57' value='value_57'
2026-02-22 15:13:17 INFO GET key='58' value='value_58'
2026-02-22 15:13:17 INFO GET key='59' value='value_59'
2026-02-22 15:13:17 INFO GET key='61' value='value_61'
2026-02-22 15:13:17 INFO GET key='60' value='value_60'
2026-02-22 15:13:17 INFO GET key='62' value='value_62'
2026-02-22 15:13:17 INFO GET key='63' value='value_63'
2026-02-22 15:13:17 INFO GET key='64' value='value_64'
2026-02-22 15:13:17 INFO GET key='65' value='value_65'
2026-02-22 15:13:17 INFO GET key='66' value='value_66'
2026-02-22 15:13:17 INFO GET key='67' value='value_67'
2026-02-22 15:13:17 INFO GET key='68' value='value_68'
2026-02-22 15:13:17 INFO GET key='69' value='value_69'
2026-02-22 15:13:17 INFO GET key='70' value='value_70'
2026-02-22 15:13:17 INFO GET key='71' value='value_71'
2026-02-22 15:13:17 INFO GET key='72' value='value_72'
2026-02-22 15:13:17 INFO GET key='73' value='value_73'
2026-02-22 15:13:17 INFO GET key='74' value='value_74'
2026-02-22 15:13:17 INFO GET key='75' value='value_75'
2026-02-22 15:13:17 INFO GET key='76' value='value_76'
2026-02-22 15:13:17 INFO GET key='77' value='value_77'
2026-02-22 15:13:17 INFO GET key='78' value='value_78'
2026-02-22 15:13:17 INFO GET key='79' value='value_79'
2026-02-22 15:13:17 INFO GET key='80' value='value_80'
2026-02-22 15:13:17 INFO GET key='81' value='value_81'
2026-02-22 15:13:17 INFO GET key='82' value='value_82'
2026-02-22 15:13:17 INFO GET key='83' value='value_83'
2026-02-22 15:13:17 INFO GET key='84' value='value_84'
2026-02-22 15:13:17 INFO GET key='85' value='value_85'
2026-02-22 15:13:17 INFO GET key='86' value='value_86'
2026-02-22 15:13:17 INFO GET key='87' value='value_87'
2026-02-22 15:13:17 INFO GET key='88' value='value_88'
2026-02-22 15:13:17 INFO GET key='89' value='value_89'
2026-02-22 15:13:17 INFO GET key='90' value='value_90'
2026-02-22 15:13:17 INFO GET key='91' value='value_91'
2026-02-22 15:13:17 INFO GET key='93' value='value_93'
2026-02-22 15:13:17 INFO GET key='92' value='value_92'
2026-02-22 15:13:17 INFO GET key='94' value='value_94'
2026-02-22 15:13:17 INFO GET key='95' value='value_95'
2026-02-22 15:13:17 INFO GET key='96' value='value_96'
2026-02-22 15:13:17 INFO GET key='97' value='value_97'
2026-02-22 15:13:17 INFO GET key='98' value='value_98'
2026-02-22 15:13:17 INFO GET key='99' value='value_99'
2026-02-22 15:13:17 INFO GET key='100' value='value_100'
2026-02-22 15:13:17 INFO GET key='101' value='value_101'
2026-02-22 15:13:17 INFO GET key='102' value='value_102'
2026-02-22 15:13:17 INFO GET key='103' value='value_103'
2026-02-22 15:13:17 INFO GET key='104' value='value_104'
2026-02-22 15:13:17 INFO GET key='105' value='value_105'
2026-02-22 15:13:17 INFO GET key='107' value='value_107'
2026-02-22 15:13:17 INFO GET key='106' value='value_106'
2026-02-22 15:13:17 INFO GET key='108' value='value_108'
2026-02-22 15:13:17 INFO GET key='109' value='value_109'
2026-02-22 15:13:17 INFO GET key='110' value='value_110'
2026-02-22 15:13:17 INFO GET key='111' value='value_111'
2026-02-22 15:13:17 INFO GET key='112' value='value_112'
2026-02-22 15:13:17 INFO GET key='113' value='value_113'
2026-02-22 15:13:17 INFO GET key='114' value='value_114'
2026-02-22 15:13:17 INFO GET key='115' value='value_115'
2026-02-22 15:13:17 INFO GET key='116' value='value_116'
2026-02-22 15:13:17 INFO GET key='117' value='value_117'
2026-02-22 15:13:17 INFO GET key='118' value='value_118'
2026-02-22 15:13:17 INFO GET key='119' value='value_119'
2026-02-22 15:13:17 INFO GET key='120' value='value_120'
2026-02-22 15:13:17 INFO GET key='121' value='value_121'
2026-02-22 15:13:17 INFO GET key='122' value='value_122'
2026-02-22 15:13:17 INFO GET key='123' value='value_123'
2026-02-22 15:13:17 INFO GET key='124' value='value_124'
2026-02-22 15:13:17 INFO GET key='125' value='value_125'
2026-02-22 15:13:17 INFO GET key='126' value='value_126'
2026-02-22 15:13:17 INFO GET key='127' value='value_127'
2026-02-22 15:13:17 INFO GET key='128' value='value_128'
2026-02-22 15:13:17 INFO GET key='129' value='value_129'
2026-02-22 15:13:17 INFO GET key='130' value='value_130'
2026-02-22 15:13:17 INFO GET key='131' value='value_131'
2026-02-22 15:13:17 INFO GET key='132' value='value_132'
2026-02-22 15:13:17 INFO GET key='133' value='value_133'
2026-02-22 15:13:17 INFO GET key='134' value='value_134'
2026-02-22 15:13:17 INFO GET key='135' value='value_135'
2026-02-22 15:13:17 INFO GET key='136' value='value_136'
2026-02-22 15:13:17 INFO GET key='137' value='value_137'
2026-02-22 15:13:17 INFO GET key='138' value='value_138'
2026-02-22 15:13:17 INFO GET key='139' value='value_139'
2026-02-22 15:13:17 INFO GET key='140' value='value_140'
2026-02-22 15:13:17 INFO GET key='141' value='value_141'
2026-02-22 15:13:17 INFO GET key='142' value='value_142'
2026-02-22 15:13:17 INFO GET key='143' value='value_143'
2026-02-22 15:13:17 INFO GET key='144' value='value_144'
2026-02-22 15:13:17 INFO GET key='145' value='value_145'
2026-02-22 15:13:17 INFO GET key='146' value='value_146'
2026-02-22 15:13:17 INFO GET key='147' value='value_147'
2026-02-22 15:13:17 INFO GET key='148' value='value_148'
2026-02-22 15:13:17 INFO GET key='149' value='value_149'
2026-02-22 15:13:17 INFO GET key='150' value='value_150'
2026-02-22 15:13:17 INFO GET key='151' value='value_151'
2026-02-22 15:13:17 INFO GET key='152' value='value_152'
2026-02-22 15:13:17 INFO GET key='153' value='value_153'
2026-02-22 15:13:17 INFO GET key='154' value='value_154'
2026-02-22 15:13:17 INFO GET key='155' value='value_155'
2026-02-22 15:13:17 INFO GET key='156' value='value_156'
2026-02-22 15:13:17 INFO GET key='157' value='value_157'
2026-02-22 15:13:17 INFO GET key='158' value='value_158'
2026-02-22 15:13:17 INFO GET key='159' value='value_159'
2026-02-22 15:13:17 INFO GET key='160' value='value_160'
2026-02-22 15:13:17 INFO GET key='161' value='value_161'
2026-02-22 15:13:17 INFO GET key='162' value='value_162'
2026-02-22 15:13:17 INFO GET key='163' value='value_163'
2026-02-22 15:13:17 INFO GET key='164' value='value_164'
2026-02-22 15:13:17 INFO GET key='165' value='value_165'
2026-02-22 15:13:17 INFO GET key='166' value='value_166'
2026-02-22 15:13:17 INFO GET key='167' value='value_167'
2026-02-22 15:13:17 INFO GET key='168' value='value_168'
2026-02-22 15:13:17 INFO GET key='169' value='value_169'
2026-02-22 15:13:17 INFO GET key='170' value='value_170'
2026-02-22 15:13:17 INFO GET key='171' value='value_171'
2026-02-22 15:13:17 INFO GET key='172' value='value_172'
2026-02-22 15:13:17 INFO GET key='173' value='value_173'
2026-02-22 15:13:17 INFO GET key='174' value='value_174'
2026-02-22 15:13:17 INFO GET key='175' value='value_175'
2026-02-22 15:13:17 INFO GET key='177' value='value_177'
2026-02-22 15:13:17 INFO GET key='176' value='value_176'
2026-02-22 15:13:17 INFO GET key='178' value='value_178'
2026-02-22 15:13:17 INFO GET key='179' value='value_179'
2026-02-22 15:13:17 INFO GET key='180' value='value_180'
2026-02-22 15:13:17 INFO GET key='181' value='value_181'
2026-02-22 15:13:17 INFO GET key='182' value='value_182'
2026-02-22 15:13:17 INFO GET key='183' value='value_183'
2026-02-22 15:13:17 INFO GET key='184' value='value_184'
2026-02-22 15:13:17 INFO GET key='185' value='value_185'
2026-02-22 15:13:17 INFO GET key='187' value='value_187'
2026-02-22 15:13:17 INFO GET key='186' value='value_186'
2026-02-22 15:13:17 INFO GET key='188' value='value_188'
2026-02-22 15:13:17 INFO GET key='189' value='value_189'
2026-02-22 15:13:17 INFO GET key='190' value='value_190'
2026-02-22 15:13:17 INFO GET key='191' value='value_191'
2026-02-22 15:13:17 INFO GET key='192' value='value_192'
2026-02-22 15:13:17 INFO GET key='193' value='value_193'
2026-02-22 15:13:17 INFO GET key='194' value='value_194'
2026-02-22 15:13:17 INFO GET key='195' value='value_195'
2026-02-22 15:13:17 INFO GET key='196' value='value_196'
2026-02-22 15:13:17 INFO GET key='197' value='value_197'
2026-02-22 15:13:17 INFO GET key='198' value='value_198'
2026-02-22 15:13:17 INFO GET key='199' value='value_199'
2026-02-22 15:13:17 INFO GET key='200' value='value_200'
2026-02-22 15:13:17 INFO GET key='201' value='value_201'
2026-02-22 15:13:17 INFO GET key='202' value='value_202'
2026-02-22 15:13:17 INFO GET key='203' value='value_203'
2026-02-22 15:13:17 INFO GET key='204' value='value_204'
2026-02-22 15:13:17 INFO GET key='205' value='value_205'
2026-02-22 15:13:17 INFO GET key='206' value='value_206'
2026-02-22 15:13:17 INFO GET key='207' value='value_207'
2026-02-22 15:13:17 INFO GET key='208' value='value_208'
2026-02-22 15:13:17 INFO GET key='209' value='value_209'
2026-02-22 15:13:17 INFO GET key='211' value='value_211'
2026-02-22 15:13:17 INFO GET key='210' value='value_210'
2026-02-22 15:13:17 INFO GET key='212' value='value_212'
2026-02-22 15:13:17 INFO GET key='213' value='value_213'
2026-02-22 15:13:17 INFO GET key='214' value='value_214'
2026-02-22 15:13:17 INFO GET key='215' value='value_215'
2026-02-22 15:13:17 INFO GET key='216' value='value_216'
2026-02-22 15:13:17 INFO GET key='217' value='value_217'
2026-02-22 15:13:17 INFO GET key='218' value='value_218'
2026-02-22 15:13:17 INFO GET key='219' value='value_219'
2026-02-22 15:13:17 INFO GET key='220' value='value_220'
2026-02-22 15:13:17 INFO GET key='221' value='value_221'
2026-02-22 15:13:17 INFO GET key='222' value='value_222'
2026-02-22 15:13:17 INFO GET key='223' value='value_223'
2026-02-22 15:13:17 INFO GET key='224' value='value_224'
2026-02-22 15:13:17 INFO GET key='225' value='value_225'
2026-02-22 15:13:17 INFO GET key='226' value='value_226'
2026-02-22 15:13:17 INFO GET key='227' value='value_227'
2026-02-22 15:13:17 INFO GET key='228' value='value_228'
2026-02-22 15:13:17 INFO GET key='229' value='value_229'
2026-02-22 15:13:17 INFO GET key='230' value='value_230'
2026-02-22 15:13:17 INFO GET key='231' value='value_231'
2026-02-22 15:13:17 INFO GET key='232' value='value_232'
2026-02-22 15:13:17 INFO GET key='233' value='value_233'
2026-02-22 15:13:17 INFO GET key='234' value='value_234'
2026-02-22 15:13:17 INFO GET key='235' value='value_235'
2026-02-22 15:13:17 INFO GET key='236' value='value_236'
2026-02-22 15:13:17 INFO GET key='237' value='value_237'
2026-02-22 15:13:17 INFO GET key='238' value='value_238'
2026-02-22 15:13:17 INFO GET key='240' value='value_240'
2026-02-22 15:13:17 INFO GET key='239' value='value_239'
2026-02-22 15:13:17 INFO GET key='241' value='value_241'
2026-02-22 15:13:17 INFO GET key='242' value='value_242'
2026-02-22 15:13:17 INFO GET key='243' value='value_243'
2026-02-22 15:13:17 INFO GET key='244' value='value_244'
2026-02-22 15:13:17 INFO GET key='245' value='value_245'
2026-02-22 15:13:17 INFO GET key='246' value='value_246'
2026-02-22 15:13:17 INFO GET key='247' value='value_247'
2026-02-22 15:13:17 INFO GET key='248' value='value_248'
2026-02-22 15:13:17 INFO GET key='249' value='value_249'
2026-02-22 15:13:17 INFO GET key='250' value='value_250'
2026-02-22 15:13:17 INFO GET key='251' value='value_251'
2026-02-22 15:13:17 INFO GET key='252' value='value_252'
2026-02-22 15:13:17 INFO GET key='253' value='value_253'
2026-02-22 15:13:17 INFO GET key='254' value='value_254'
2026-02-22 15:13:17 INFO GET key='255' value='value_255'
2026-02-22 15:13:17 INFO GET key='256' value='value_256'
2026-02-22 15:13:17 INFO GET key='257' value='value_257'
2026-02-22 15:13:17 INFO GET key='258' value='value_258'
2026-02-22 15:13:17 INFO GET key='259' value='value_259'
2026-02-22 15:13:17 INFO GET key='260' value='value_260'
2026-02-22 15:13:17 INFO GET key='261' value='value_261'
2026-02-22 15:13:17 INFO GET key='262' value='value_262'
2026-02-22 15:13:17 INFO GET key='263' value='value_263'
2026-02-22 15:13:17 INFO GET key='264' value='value_264'
2026-02-22 15:13:17 INFO GET key='265' value='value_265'
2026-02-22 15:13:17 INFO GET key='266' value='value_266'
2026-02-22 15:13:17 INFO GET key='267' value='value_267'
2026-02-22 15:13:17 INFO GET key='268' value='value_268'
2026-02-22 15:13:17 INFO GET key='269' value='value_269'
2026-02-22 15:13:17 INFO GET key='270' value='value_270'
2026-02-22 15:13:17 INFO GET key='271' value='value_271'
2026-02-22 15:13:17 INFO GET key='272' value='value_272'
2026-02-22 15:13:17 INFO GET key='273' value='value_273'
2026-02-22 15:13:17 INFO GET key='274' value='value_274'
2026-02-22 15:13:17 INFO GET key='275' value='value_275'
2026-02-22 15:13:17 INFO GET key='276' value='value_276'
2026-02-22 15:13:17 INFO GET key='277' value='value_277'
2026-02-22 15:13:17 INFO GET key='278' value='value_278'
2026-02-22 15:13:17 INFO GET key='279' value='value_279'
2026-02-22 15:13:17 INFO GET key='280' value='value_280'
2026-02-22 15:13:17 INFO GET key='281' value='value_281'
2026-02-22 15:13:17 INFO GET key='282' value='value_282'
2026-02-22 15:13:17 INFO GET key='283' value='value_283'
2026-02-22 15:13:17 INFO GET key='284' value='value_284'
2026-02-22 15:13:17 INFO GET key='285' value='value_285'
2026-02-22 15:13:17 INFO GET key='286' value='value_286'
2026-02-22 15:13:17 INFO GET key='287' value='value_287'
2026-02-22 15:13:17 INFO GET key='288' value='value_288'
2026-02-22 15:13:17 INFO GET key='289' value='value_289'
2026-02-22 15:13:17 INFO GET key='290' value='value_290'
2026-02-22 15:13:17 INFO GET key='291' value='value_291'
2026-02-22 15:13:17 INFO GET key='292' value='value_292'
2026-02-22 15:13:17 INFO GET key='293' value='value_293'
2026-02-22 15:13:17 INFO GET key='294' value='value_294'
2026-02-22 15:13:17 INFO GET key='295' value='value_295'
2026-02-22 15:13:17 INFO GET key='296' value='value_296'
2026-02-22 15:13:17 INFO GET key='297' value='value_297'
2026-02-22 15:13:17 INFO GET key='298' value='value_298'
2026-02-22 15:13:17 INFO GET key='299' value='value_299'
2026-02-22 15:13:18 INFO DELETE key='2'
2026-02-22 15:13:18 INFO DELETE key='1'
2026-02-22 15:13:18 INFO DELETE key='0'
2026-02-22 15:13:18 INFO DELETE key='3'
2026-02-22 15:13:18 INFO DELETE key='4'
2026-02-22 15:13:18 INFO DELETE key='5'
2026-02-22 15:13:18 INFO DELETE key='6'
2026-02-22 15:13:18 INFO DELETE key='7'
2026-02-22 15:13:18 INFO DELETE key='8'
2026-02-22 15:13:18 INFO DELETE key='9'
2026-02-22 15:13:18 INFO DELETE key='10'
2026-02-22 15:13:18 INFO DELETE key='11'
2026-02-22 15:13:18 INFO DELETE key='12'
2026-02-22 15:13:18 INFO DELETE key='13'
2026-02-22 15:13:18 INFO DELETE key='14'
2026-02-22 15:13:18 INFO DELETE key='15'
2026-02-22 15:13:18 INFO DELETE key='16'
2026-02-22 15:13:18 INFO DELETE key='17'
2026-02-22 15:13:18 INFO DELETE key='18'
2026-02-22 15:13:18 INFO DELETE key='19'
2026-02-22 15:13:18 INFO DELETE key='20'
2026-02-22 15:13:18 INFO DELETE key='21'
2026-02-22 15:13:18 INFO DELETE key='22'
2026-02-22 15:13:18 INFO DELETE key='23'
2026-02-22 15:13:18 INFO DELETE key='24'
2026-02-22 15:13:18 INFO DELETE key='25'
2026-02-22 15:13:18 INFO DELETE key='26'
2026-02-22 15:13:18 INFO DELETE key='27'
2026-02-22 15:13:18 INFO DELETE key='28'
2026-02-22 15:13:18 INFO DELETE key='29'
2026-02-22 15:13:18 INFO DELETE key='30'
2026-02-22 15:13:18 INFO DELETE key='31'
2026-02-22 15:13:18 INFO DELETE key='32'
2026-02-22 15:13:18 INFO DELETE key='33'
2026-02-22 15:13:18 INFO DELETE key='34'
2026-02-22 15:13:18 INFO DELETE key='35'
2026-02-22 15:13:18 INFO DELETE key='36'
2026-02-22 15:13:18 INFO DELETE key='37'
2026-02-22 15:13:18 INFO DELETE key='38'
2026-02-22 15:13:18 INFO DELETE key='39'
2026-02-22 15:13:18 INFO DELETE key='40'
2026-02-22 15:13:18 INFO DELETE key='41'
2026-02-22 15:13:18 INFO DELETE key='42'
2026-02-22 15:13:18 INFO DELETE key='43'
2026-02-22 15:13:18 INFO DELETE key='44'
2026-02-22 15:13:18 INFO DELETE key='45'
2026-02-22 15:13:18 INFO DELETE key='46'
2026-02-22 15:13:18 INFO DELETE key='47'
2026-02-22 15:13:18 INFO DELETE key='48'
2026-02-22 15:13:18 INFO DELETE key='49'
2026-02-22 15:13:18 INFO DELETE key='51'
2026-02-22 15:13:18 INFO DELETE key='50'
2026-02-22 15:13:18 INFO DELETE key='52'
2026-02-22 15:13:18 INFO DELETE key='53'
2026-02-22 15:13:18 INFO DELETE key='54'
2026-02-22 15:13:18 INFO DELETE key='55'
2026-02-22 15:13:18 INFO DELETE key='56'
2026-02-22 15:13:18 INFO DELETE key='57'
2026-02-22 15:13:18 INFO DELETE key='58'
2026-02-22 15:13:18 INFO DELETE key='59'
2026-02-22 15:13:18 INFO DELETE key='60'
2026-02-22 15:13:18 INFO DELETE key='61'
2026-02-22 15:13:18 INFO DELETE key='62'
2026-02-22 15:13:18 INFO DELETE key='63'
2026-02-22 15:13:18 INFO DELETE key='64'
2026-02-22 15:13:18 INFO DELETE key='65'
2026-02-22 15:13:18 INFO DELETE key='66'
2026-02-22 15:13:18 INFO DELETE key='67'
2026-02-22 15:13:18 INFO DELETE key='68'
2026-02-22 15:13:18 INFO DELETE key='69'
2026-02-22 15:13:18 INFO DELETE key='70'
2026-02-22 15:13:18 INFO DELETE key='71'
2026-02-22 15:13:18 INFO DELETE key='72'
2026-02-22 15:13:18 INFO DELETE key='73'
2026-02-22 15:13:18 INFO DELETE key='74'
2026-02-22 15:13:18 INFO DELETE key='75'
2026-02-22 15:13:18 INFO DELETE key='76'
2026-02-22 15:13:18 INFO DELETE key='77'
2026-02-22 15:13:18 INFO DELETE key='78'
2026-02-22 15:13:18 INFO DELETE key='79'
2026-02-22 15:13:18 INFO DELETE key='80'
2026-02-22 15:13:18 INFO DELETE key='81'
2026-02-22 15:13:18 INFO DELETE key='82'
2026-02-22 15:13:18 INFO DELETE key='83'
2026-02-22 15:13:18 INFO DELETE key='84'
2026-02-22 15:13:18 INFO DELETE key='85'
2026-02-22 15:13:18 INFO DELETE key='86'
2026-02-22 15:13:18 INFO DELETE key='87'
2026-02-22 15:13:18 INFO DELETE key='88'
2026-02-22 15:13:18 INFO DELETE key='89'
2026-02-22 15:13:18 INFO DELETE key='90'
2026-02-22 15:13:18 INFO DELETE key='91'
2026-02-22 15:13:18 INFO DELETE key='92'
2026-02-22 15:13:18 INFO DELETE key='93'
2026-02-22 15:13:18 INFO DELETE key='94'
2026-02-22 15:13:18 INFO DELETE key='95'
2026-02-22 15:13:18 INFO DELETE key='96'
2026-02-22 15:13:18 INFO DELETE key='97'
2026-02-22 15:13:18 INFO DELETE key='98'
2026-02-22 15:13:18 INFO DELETE key='99'
2026-02-22 15:13:18 INFO DELETE key='100'
2026-02-22 15:13:18 INFO DELETE key='101'
2026-02-22 15:13:18 INFO DELETE key='102'
2026-02-22 15:13:18 INFO DELETE key='103'
2026-02-22 15:13:18 INFO DELETE key='104'
2026-02-22 15:13:18 INFO DELETE key='105'
2026-02-22 15:13:18 INFO DELETE key='106'
2026-02-22 15:13:18 INFO DELETE key='107'
2026-02-22 15:13:18 INFO DELETE key='108'
2026-02-22 15:13:18 INFO DELETE key='109'
2026-02-22 15:13:18 INFO DELETE key='110'
2026-02-22 15:13:18 INFO DELETE key='111'
2026-02-22 15:13:18 INFO DELETE key='112'
2026-02-22 15:13:18 INFO DELETE key='113'
2026-02-22 15:13:18 INFO DELETE key='114'
2026-02-22 15:13:18 INFO DELETE key='115'
2026-02-22 15:13:18 INFO DELETE key='116'
2026-02-22 15:13:18 INFO DELETE key='117'
2026-02-22 15:13:18 INFO DELETE key='118'
2026-02-22 15:13:18 INFO DELETE key='119'
2026-02-22 15:13:18 INFO DELETE key='120'
2026-02-22 15:13:18 INFO DELETE key='121'
2026-02-22 15:13:18 INFO DELETE key='122'
2026-02-22 15:13:18 INFO DELETE key='123'
2026-02-22 15:13:18 INFO DELETE key='124'
2026-02-22 15:13:18 INFO DELETE key='125'
2026-02-22 15:13:18 INFO DELETE key='126'
2026-02-22 15:13:18 INFO DELETE key='127'
2026-02-22 15:13:18 INFO DELETE key='128'
2026-02-22 15:13:18 INFO DELETE key='129'
2026-02-22 15:13:18 INFO DELETE key='130'
2026-02-22 15:13:18 INFO DELETE key='131'
2026-02-22 15:13:18 INFO DELETE key='132'
2026-02-22 15:13:18 INFO DELETE key='133'
2026-02-22 15:13:18 INFO DELETE key='134'
2026-02-22 15:13:18 INFO DELETE key='135'
2026-02-22 15:13:18 INFO DELETE key='136'
2026-02-22 15:13:18 INFO DELETE key='137'
2026-02-22 15:13:18 INFO DELETE key='138'
2026-02-22 15:13:18 INFO DELETE key='139'
2026-02-22 15:13:18 INFO DELETE key='140'
2026-02-22 15:13:18 INFO DELETE key='141'
2026-02-22 15:13:18 INFO DELETE key='142'
2026-02-22 15:13:18 INFO DELETE key='143'
2026-02-22 15:13:18 INFO DELETE key='144'
2026-02-22 15:13:18 INFO DELETE key='145'
2026-02-22 15:13:18 INFO DELETE key='146'
2026-02-22 15:13:18 INFO DELETE key='147'
2026-02-22 15:13:18 INFO DELETE key='148'
2026-02-22 15:13:18 INFO DELETE key='149'
2026-02-22 15:13:18 INFO DELETE key='150'
2026-02-22 15:13:18 INFO DELETE key='151'
2026-02-22 15:13:18 INFO DELETE key='152'
2026-02-22 15:13:18 INFO DELETE key='153'
2026-02-22 15:13:18 INFO DELETE key='154'
2026-02-22 15:13:18 INFO DELETE key='155'
2026-02-22 15:13:18 INFO DELETE key='156'
2026-02-22 15:13:18 INFO DELETE key='157'
2026-02-22 15:13:18 INFO DELETE key='158'
2026-02-22 15:13:18 INFO DELETE key='159'
2026-02-22 15:13:18 INFO DELETE key='160'
2026-02-22 15:13:18 INFO DELETE key='161'
2026-02-22 15:13:18 INFO DELETE key='162'
2026-02-22 15:13:18 INFO DELETE key='163'
2026-02-22 15:13:18 INFO DELETE key='164'
2026-02-22 15:13:18 INFO DELETE key='165'
2026-02-22 15:13:18 INFO DELETE key='166'
2026-02-22 15:13:18 INFO DELETE key='167'
2026-02-22 15:13:18 INFO DELETE key='168'
2026-02-22 15:13:18 INFO DELETE key='169'
2026-02-22 15:13:18 INFO DELETE key='170'
2026-02-22 15:13:18 INFO DELETE key='171'
2026-02-22 15:13:18 INFO DELETE key='172'
2026-02-22 15:13:18 INFO DELETE key='173'
2026-02-22 15:13:18 INFO DELETE key='174'
2026-02-22 15:13:18 INFO DELETE key='175'
2026-02-22 15:13:18 INFO DELETE key='176'
2026-02-22 15:13:18 INFO DELETE key='177'
2026-02-22 15:13:18 INFO DELETE key='178'
2026-02-22 15:13:18 INFO DELETE key='179'
2026-02-22 15:13:18 INFO DELETE key='180'
2026-02-22 15:13:18 INFO DELETE key='181'
2026-02-22 15:13:18 INFO DELETE key='182'
2026-02-22 15:13:18 INFO DELETE key='183'
2026-02-22 15:13:18 INFO DELETE key='184'
2026-02-22 15:13:18 INFO DELETE key='185'
2026-02-22 15:13:18 INFO DELETE key='186'
2026-02-22 15:13:18 INFO DELETE key='187'
2026-02-22 15:13:18 INFO DELETE key='188'
2026-02-22 15:13:18 INFO DELETE key='189'
2026-02-22 15:13:18 INFO DELETE key='190'
2026-02-22 15:13:18 INFO DELETE key='191'
2026-02-22 15:13:18 INFO DELETE key='192'
2026-02-22 15:13:18 INFO DELETE key='193'
2026-02-22 15:13:18 INFO DELETE key='194'
2026-02-22 15:13:18 INFO DELETE key='195'
2026-02-22 15:13:18 INFO DELETE key='196'
2026-02-22 15:13:18 INFO DELETE key='197'
2026-02-22 15:13:18 INFO DELETE key='198'
2026-02-22 15:13:18 INFO DELETE key='199'
2026-02-22 15:13:18 INFO DELETE key='200'
2026-02-22 15:13:18 INFO DELETE key='201'
2026-02-22 15:13:18 INFO DELETE key='202'
2026-02-22 15:13:18 INFO DELETE key='203'
2026-02-22 15:13:18 INFO DELETE key='204'
2026-02-22 15:13:18 INFO DELETE key='205'
2026-02-22 15:13:18 INFO DELETE key='206'
2026-02-22 15:13:18 INFO DELETE key='207'
2026-02-22 15:13:18 INFO DELETE key='208'
2026-02-22 15:13:18 INFO DELETE key='209'
2026-02-22 15:13:18 INFO DELETE key='210'
2026-02-22 15:13:18 INFO DELETE key='211'
2026-02-22 15:13:18 INFO DELETE key='212'
2026-02-22 15:13:18 INFO DELETE key='213'
2026-02-22 15:13:18 INFO DELETE key='214'
2026-02-22 15:13:18 INFO DELETE key='215'
2026-02-22 15:13:18 INFO DELETE key='216'
2026-02-22 15:13:18 INFO DELETE key='217'
2026-02-22 15:13:18 INFO DELETE key='218'
2026-02-22 15:13:18 INFO DELETE key='219'
2026-02-22 15:13:18 INFO DELETE key='220'
2026-02-22 15:13:18 INFO DELETE key='221'
2026-02-22 15:13:18 INFO DELETE key='222'
2026-02-22 15:13:18 INFO DELETE key='223'
2026-02-22 15:13:18 INFO DELETE key='224'
2026-02-22 15:13:18 INFO DELETE key='225'
2026-02-22 15:13:18 INFO DELETE key='226'
2026-02-22 15:13:18 INFO DELETE key='227'
2026-02-22 15:13:18 INFO DELETE key='228'
2026-02-22 15:13:18 INFO DELETE key='229'
2026-02-22 15:13:18 INFO DELETE key='230'
2026-02-22 15:13:18 INFO DELETE key='231'
2026-02-22 15:13:18 INFO DELETE key='232'
2026-02-22 15:13:18 INFO DELETE key='233'
2026-02-22 15:13:18 INFO DELETE key='234'
2026-02-22 15:13:18 INFO DELETE key='235'
2026-02-22 15:13:18 INFO DELETE key='236'
2026-02-22 15:13:18 INFO DELETE key='237'
2026-02-22 15:13:18 INFO DELETE key='238'
2026-02-22 15:13:18 INFO DELETE key='239'
2026-02-22 15:13:18 INFO DELETE key='240'
2026-02-22 15:13:18 INFO DELETE key='241'
2026-02-22 15:13:18 INFO DELETE key='242'
2026-02-22 15:13:18 INFO DELETE key='243'
2026-02-22 15:13:18 INFO DELETE key='244'
2026-02-22 15:13:18 INFO DELETE key='245'
2026-02-22 15:13:18 INFO DELETE key='246'
2026-02-22 15:13:18 INFO DELETE key='247'
2026-02-22 15:13:18 INFO DELETE key='248'
2026-02-22 15:13:18 INFO DELETE key='249'
2026-02-22 15:13:18 INFO DELETE key='250'
2026-02-22 15:13:18 INFO DELETE key='251'
2026-02-22 15:13:18 INFO DELETE key='252'
2026-02-22 15:13:18 INFO DELETE key='253'
2026-02-22 15:13:18 INFO DELETE key='254'
2026-02-22 15:13:18 INFO DELETE key='255'
2026-02-22 15:13:18 INFO DELETE key='256'
2026-02-22 15:13:18 INFO DELETE key='257'
2026-02-22 15:13:18 INFO DELETE key='258'
2026-02-22 15:13:18 INFO DELETE key='259'
2026-02-22 15:13:18 INFO DELETE key='260'
2026-02-22 15:13:18 INFO DELETE key='261'
2026-02-22 15:13:18 INFO DELETE key='262'
2026-02-22 15:13:18 INFO DELETE key='263'
2026-02-22 15:13:18 INFO DELETE key='264'
2026-02-22 15:13:18 INFO DELETE key='265'
2026-02-22 15:13:18 INFO DELETE key='266'
2026-02-22 15:13:18 INFO DELETE key='267'
2026-02-22 15:13:18 INFO DELETE key='268'
2026-02-22 15:13:18 INFO DELETE key='269'
2026-02-22 15:13:18 INFO DELETE key='270'
2026-02-22 15:13:18 INFO DELETE key='271'
2026-02-22 15:13:18 INFO DELETE key='272'
2026-02-22 15:13:18 INFO DELETE key='273'
2026-02-22 15:13:18 INFO DELETE key='274'
2026-02-22 15:13:18 INFO DELETE key='275'
2026-02-22 15:13:18 INFO DELETE key='276'
2026-02-22 15:13:18 INFO DELETE key='277'
2026-02-22 15:13:18 INFO DELETE key='278'
2026-02-22 15:13:18 INFO DELETE key='279'
2026-02-22 15:13:18 INFO DELETE key='280'
2026-02-22 15:13:18 INFO DELETE key='281'
2026-02-22 15:13:18 INFO DELETE key='282'
2026-02-22 15:13:18 INFO DELETE key='283'
2026-02-22 15:13:18 INFO DELETE key='284'
2026-02-22 15:13:18 INFO DELETE key='285'
2026-02-22 15:13:18 INFO DELETE key='286'
2026-02-22 15:13:18 INFO DELETE key='287'
2026-02-22 15:13:18 INFO DELETE key='288'
2026-02-22 15:13:18 INFO DELETE key='289'
2026-02-22 15:13:18 INFO DELETE key='290'
2026-02-22 15:13:18 INFO DELETE key='291'
2026-02-22 15:13:18 INFO DELETE key='292'
2026-02-22 15:13:18 INFO DELETE key='294'
2026-02-22 15:13:18 INFO DELETE key='293'
2026-02-22 15:13:18 INFO DELETE key='295'
2026-02-22 15:13:18 INFO DELETE key='296'
2026-02-22 15:13:18 INFO DELETE key='297'
2026-02-22 15:13:18 INFO DELETE key='298'
2026-02-22 15:13:18 INFO DELETE key='299'
2026-02-22 15:13:43 INFO Saved 0 key-value pairs to disk.
2026-02-22 15:13:43 INFO Saved key-value to disk.
2026-02-22 15:14:43 INFO Saved 0 key-value pairs to disk.
2026-02-22 15:14:43 INFO Saved key-value to disk.
2026-02-22 15:15:43 INFO Saved 0 key-value pairs to disk.
2026-02-22 15:15:43 INFO Saved key-value to disk.
2026-02-22 15:16:43 INFO Saved 0 key-value pairs to disk.
2026-02-22 15:16:43 INFO Saved key-value to disk.
2026-02-22 15:17:43 INFO Saved 0 key-value pairs to disk.
2026-02-22 15:17:43 INFO Saved key-value to disk.
2026-02-22 15:18:43 INFO Saved 0 key-value pairs to disk.
2026-02-22 15:18:43 INFO Saved key-value to disk.
2026-02-22 15:19:43 INFO Saved 0 key-value pairs to disk.
2026-02-22 15:19:43 INFO Saved key-value to disk.
2026-02-22 15:20:43 INFO Saved 0 key-value pairs to disk.
2026-02-22 15:20:43 INFO Saved key-value to disk.
2026-02-22 15:21:43 INFO Saved 0 key-value pairs to disk.
2026-02-22 15:21:43 INFO Saved key-value to disk.
2026-02-22 15:22:43 INFO Saved 0 key-value pairs to disk.
2026-02-22 15:22:43 INFO Saved key-value to disk.
2026-02-22 15:23:43 INFO Saved 0 key-value pairs to disk.
2026-02-22 15:23:43 INFO Saved key-value to disk.
2026-02-22 15:24:43 INFO Saved 0 key-value pairs to disk.
2026-02-22 15:24:43 INFO Saved key-value to disk.
2026-02-22 15:25:43 INFO Saved 0 key-value pairs to disk.
2026-02-22 15:25:43 INFO Saved key-value to disk.
2026-02-22 15:26:43 INFO Saved 0 key-value pairs to disk.
2026-02-22 15:26:43 INFO Saved key-value to disk.
2026-02-22 15:27:43 INFO Saved 0 key-value pairs to disk.
2026-02-22 15:27:43 INFO Saved key-value to disk.
2026-02-22 15:28:43 INFO Saved 0 key-value pairs to disk.
2026-02-22 15:28:43 INFO Saved key-value to disk.
2026-02-22 15:29:43 INFO Saved 0 key-value pairs to disk.
2026-02-22 15:29:43 INFO Saved key-value to disk.
2026-02-22 15:30:43 INFO Saved 0 key-value pairs to disk.
2026-02-22 15:30:43 INFO Saved key-value to disk.
2026-02-22 15:31:43 INFO Saved 0 key-value pairs to disk.
2026-02-22 15:31:43 INFO Saved key-value to disk.
2026-02-22 15:32:43 INFO Saved 0 key-value pairs to disk.
2026-02-22 15:32:43 INFO Saved key-value to disk.
2026-02-22 15:33:43 INFO Saved 0 key-value pairs to disk.
2026-02-22 15:33:43 INFO Saved key-value to disk.
2026-02-22 15:34:43 INFO Saved 0 key-value pairs to disk.
2026-02-22 15:34:43 INFO Saved key-value to disk.
2026-02-22 15:35:43 INFO Saved 0 key-value pairs to disk.
2026-02-22 15:35:43 INFO Saved key-value to disk.
2026-02-22 15:36:43 INFO Saved 0 key-value pairs to disk.
2026-02-22 15:36:43 INFO Saved key-value to disk.
2026-02-22 15:37:43 INFO Saved 0 key-value pairs to disk.
2026-02-22 15:37:43 INFO Saved key-value to disk.
2026-02-22 15:38:43 INFO Saved 0 key-value pairs to disk.
2026-02-22 15:38:43 INFO Saved key-value to disk.
2026-02-22 15:39:43 INFO Saved 0 key-value pairs to disk.
2026-02-22 15:39:43 INFO Saved key-value to disk.
2026-02-22 15:40:43 INFO Saved 0 key-value pairs to disk.
2026-02-22 15:40:43 INFO Saved key-value to disk.
2026-02-22 15:41:43 INFO Saved 0 key-value pairs to disk.
2026-02-22 15:41:43 INFO Saved key-value to disk.
2026-02-22 15:42:43 INFO Saved 0 key-value pairs to disk.
2026-02-22 15:42:43 INFO Saved key-value to disk.
2026-02-22 15:43:43 INFO Saved 0 key-value pairs to disk.
2026-02-22 15:43:43 INFO Saved key-value to disk.
2026-02-22 15:44:43 INFO Saved 0 key-value pairs to disk.
2026-02-22 15:44:43 INFO Saved key-value to disk.
2026-02-22 15:45:43 INFO Saved 0 key-value pairs to disk.
2026-02-22 15:45:43 INFO Saved key-value to disk.
2026-02-22 15:46:43 INFO Saved 0 key-value pairs to disk.
2026-02-22 15:46:43 INFO Saved key-value to disk.
2026-02-22 15:47:43 INFO Saved 0 key-value pairs to disk.
2026-02-22 15:47:43 INFO Saved key-value to disk.
2026-02-22 15:48:43 INFO Saved 0 key-value pairs to disk.
2026-02-22 15:48:43 INFO Saved key-value to disk.
2026-02-22 15:49:43 INFO Saved 0 key-value pairs to disk.
2026-02-22 15:49:43 INFO Saved key-value to disk.
2026-02-22 15:50:43 INFO Saved 0 key-value pairs to disk.
2026-02-22 15:50:43 INFO Saved key-value to disk.
